2024-09-10T19:36:20.705Z [INFO]: Email aggiunta alla coda: davide.sorrentino@pasubiotecnologia.it
2024-09-10T19:36:20.712Z [INFO]: Email aggiunta alla coda: stefano.meda@pasubiotecnologia.it
2024-09-10T19:36:20.719Z [INFO]: Email aggiunta alla coda: chiara-novello@pasubiotecnologia.it
2024-09-10T19:36:20.725Z [INFO]: Email aggiunta alla coda: davide.sorrentino@gmail.com
2024-09-10T19:36:20.731Z [INFO]: Email aggiunta alla coda: davide.sorrentino@pasubiotecnologia.it
2024-09-10T19:36:20.737Z [INFO]: Email aggiunta alla coda: stefano.meda@pasubiotecnologia.it
2024-09-10T19:36:20.743Z [INFO]: Email aggiunta alla coda: davide.sorrentino@gmail.com
2024-09-10T19:36:20.749Z [INFO]: Email aggiunta alla coda: davide.sorrentino@pasubiotecnologia.it
2024-09-10T19:36:20.754Z [INFO]: Email aggiunta alla coda: stefano.meda@pasubiotecnologia.it
2024-09-10T19:36:20.760Z [INFO]: Email aggiunta alla coda: chiara-novello@pasubiotecnologia.it
2024-09-10T19:36:20.766Z [INFO]: Email aggiunta alla coda: davide.sorrentino@gmail.com
2024-09-10T19:36:20.771Z [INFO]: Email aggiunta alla coda: davide.sorrentino@pasubiotecnologia.it
2024-09-10T19:36:20.776Z [INFO]: Email aggiunta alla coda: stefano.meda@pasubiotecnologia.it
2024-09-10T19:36:20.782Z [INFO]: Email aggiunta alla coda: chiara-novello@pasubiotecnologia.it
2024-09-10T19:36:20.787Z [INFO]: Email aggiunta alla coda: davide.sorrentino@gmail.com
2024-09-10T19:36:20.793Z [INFO]: Email aggiunta alla coda: davide.sorrentino@pasubiotecnologia.it
2024-09-10T19:36:20.799Z [INFO]: Email aggiunta alla coda: stefano.meda@pasubiotecnologia.it
2024-09-10T19:36:20.805Z [INFO]: Email aggiunta alla coda: davide.sorrentino@gmail.com
2024-09-10T19:36:20.811Z [INFO]: Email aggiunta alla coda: davide.sorrentino@pasubiotecnologia.it
2024-09-10T19:36:20.817Z [INFO]: Email aggiunta alla coda: stefano.meda@pasubiotecnologia.it
2024-09-10T19:40:05.449Z [INFO]: Email inviata a davide.sorrentino@pasubiotecnologia.it
2024-09-10T19:40:05.473Z [INFO]: Email inviata a chiara-novello@pasubiotecnologia.it
2024-09-10T19:40:05.499Z [INFO]: Email inviata a stefano.meda@pasubiotecnologia.it
2024-09-10T19:40:05.502Z [INFO]: Email inviata a davide.sorrentino@pasubiotecnologia.it
2024-09-10T19:40:05.512Z [INFO]: Email inviata a davide.sorrentino@gmail.com
2024-09-10T19:40:05.586Z [INFO]: Email inviata a stefano.meda@pasubiotecnologia.it
2024-09-10T19:40:05.597Z [INFO]: Email inviata a davide.sorrentino@gmail.com
2024-09-10T19:40:05.634Z [INFO]: Email inviata a davide.sorrentino@pasubiotecnologia.it
2024-09-10T19:40:05.658Z [INFO]: Email inviata a stefano.meda@pasubiotecnologia.it
2024-09-10T19:40:05.665Z [INFO]: Email inviata a chiara-novello@pasubiotecnologia.it
2024-09-10T19:40:05.747Z [INFO]: Email inviata a davide.sorrentino@gmail.com
2024-09-10T19:40:05.763Z [INFO]: Email inviata a davide.sorrentino@pasubiotecnologia.it
2024-09-10T19:40:05.775Z [INFO]: Email inviata a stefano.meda@pasubiotecnologia.it
2024-09-10T19:40:05.807Z [INFO]: Email inviata a davide.sorrentino@gmail.com
2024-09-10T19:40:05.823Z [INFO]: Email inviata a chiara-novello@pasubiotecnologia.it
2024-09-10T19:40:05.890Z [INFO]: Email inviata a davide.sorrentino@pasubiotecnologia.it
2024-09-10T19:40:05.915Z [INFO]: Email inviata a davide.sorrentino@gmail.com
2024-09-10T19:40:05.922Z [INFO]: Email inviata a stefano.meda@pasubiotecnologia.it
2024-09-10T19:40:05.948Z [INFO]: Email inviata a davide.sorrentino@pasubiotecnologia.it
2024-09-10T19:40:05.957Z [INFO]: Email inviata a stefano.meda@pasubiotecnologia.it
2024-09-10T20:48:45.967Z [INFO]: Email aggiunta alla coda: davide.sorrentino@pasubiotecnologia.it
2024-09-10T20:48:45.974Z [INFO]: Email aggiunta alla coda: davide.sorrentino@gmail.com
2024-09-10T20:48:45.979Z [INFO]: Email aggiunta alla coda: davide.sorrentino@pasubiotecnologia.it
2024-09-10T20:48:45.985Z [INFO]: Email aggiunta alla coda: davide.sorrentino@gmail.com
2024-09-10T20:48:45.990Z [INFO]: Email aggiunta alla coda: davide.sorrentino@pasubiotecnologia.it
2024-09-10T20:48:45.995Z [INFO]: Email aggiunta alla coda: davide.sorrentino@gmail.com
2024-09-10T20:48:46.000Z [INFO]: Email aggiunta alla coda: davide.sorrentino@pasubiotecnologia.it
2024-09-10T20:48:46.006Z [INFO]: Email aggiunta alla coda: davide.sorrentino@gmail.com
2024-09-10T20:48:46.013Z [INFO]: Email aggiunta alla coda: davide.sorrentino@pasubiotecnologia.it
2024-09-10T20:48:46.018Z [INFO]: Email aggiunta alla coda: davide.sorrentino@gmail.com
2024-09-10T20:48:46.025Z [INFO]: Email aggiunta alla coda: davide.sorrentino@pasubiotecnologia.it
2024-09-10T20:48:46.031Z [INFO]: Email aggiunta alla coda: davide.sorrentino@gmail.com
2024-09-10T20:48:46.038Z [INFO]: Email aggiunta alla coda: davide.sorrentino@pasubiotecnologia.it
2024-09-10T20:48:46.044Z [INFO]: Email aggiunta alla coda: davide.sorrentino@gmail.com
2024-09-10T20:48:46.050Z [INFO]: Email aggiunta alla coda: davide.sorrentino@pasubiotecnologia.it
2024-09-10T20:48:46.056Z [INFO]: Email aggiunta alla coda: davide.sorrentino@gmail.com
2024-09-10T20:48:46.063Z [INFO]: Email aggiunta alla coda: davide.sorrentino@pasubiotecnologia.it
2024-09-10T20:48:46.068Z [INFO]: Email aggiunta alla coda: davide.sorrentino@gmail.com
2024-09-10T20:48:46.075Z [INFO]: Email aggiunta alla coda: davide.sorrentino@pasubiotecnologia.it
2024-09-10T20:48:46.081Z [INFO]: Email aggiunta alla coda: undefined
2024-09-10T20:48:46.416Z [INFO]: Email inviata a davide.sorrentino@gmail.com
2024-09-10T20:48:46.454Z [INFO]: Email inviata a davide.sorrentino@pasubiotecnologia.it
2024-09-10T20:48:46.536Z [INFO]: Email inviata a davide.sorrentino@pasubiotecnologia.it
2024-09-10T20:48:46.611Z [INFO]: Email inviata a davide.sorrentino@gmail.com
2024-09-10T20:48:46.662Z [INFO]: Email inviata a davide.sorrentino@pasubiotecnologia.it
2024-09-10T20:48:46.740Z [INFO]: Email inviata a davide.sorrentino@gmail.com
2024-09-10T20:48:46.778Z [INFO]: Email inviata a davide.sorrentino@pasubiotecnologia.it
2024-09-10T20:48:46.875Z [INFO]: Email inviata a davide.sorrentino@gmail.com
2024-09-10T20:48:46.911Z [INFO]: Email inviata a davide.sorrentino@pasubiotecnologia.it
2024-09-10T20:48:47.056Z [INFO]: Email inviata a davide.sorrentino@gmail.com
2024-09-10T20:48:47.058Z [INFO]: Email inviata a davide.sorrentino@pasubiotecnologia.it
2024-09-10T20:48:47.176Z [INFO]: Email inviata a davide.sorrentino@pasubiotecnologia.it
2024-09-10T20:48:47.200Z [INFO]: Email inviata a davide.sorrentino@gmail.com
2024-09-10T20:48:47.302Z [INFO]: Email inviata a davide.sorrentino@gmail.com
2024-09-10T20:48:47.331Z [INFO]: Email inviata a davide.sorrentino@pasubiotecnologia.it
2024-09-10T20:48:47.419Z [INFO]: Email inviata a davide.sorrentino@gmail.com
2024-09-10T20:48:47.462Z [INFO]: Email inviata a davide.sorrentino@pasubiotecnologia.it
2024-09-10T20:48:47.567Z [INFO]: Email inviata a davide.sorrentino@gmail.com
2024-09-10T20:48:47.570Z [ERROR]: Errore durante l'invio dell'email a undefined: No recipients defined. Ritentando in 5 secondi...
2024-09-10T20:48:47.593Z [INFO]: Email inviata a davide.sorrentino@pasubiotecnologia.it
2024-09-10T20:48:52.573Z [ERROR]: Errore durante l'invio dell'email a undefined: No recipients defined. Ritentando in 5 secondi...
2024-09-10T20:48:57.735Z [ERROR]: Errore durante l'invio dell'email a undefined: No recipients defined. Ritentando in 5 secondi...
2024-09-10T20:49:02.920Z [ERROR]: Errore persistente durante l'invio dell'email a undefined: No recipients defined.
2024-09-10T21:04:49.593Z [INFO]: Email aggiunta alla coda: davide.sorrentino@pasubiotecnologia.it
2024-09-10T21:04:49.600Z [INFO]: Email aggiunta alla coda: davide.sorrentino@gmail.com
2024-09-10T21:04:49.606Z [INFO]: Email aggiunta alla coda: davide.sorrentino@pasubiotecnologia.it
2024-09-10T21:04:49.613Z [INFO]: Email aggiunta alla coda: davide.sorrentino@gmail.com
2024-09-10T21:04:49.618Z [INFO]: Email aggiunta alla coda: davide.sorrentino@pasubiotecnologia.it
2024-09-10T21:04:49.624Z [INFO]: Email aggiunta alla coda: davide.sorrentino@gmail.com
2024-09-10T21:04:49.630Z [INFO]: Email aggiunta alla coda: davide.sorrentino@pasubiotecnologia.it
2024-09-10T21:04:49.636Z [INFO]: Email aggiunta alla coda: davide.sorrentino@gmail.com
2024-09-10T21:04:49.641Z [INFO]: Email aggiunta alla coda: davide.sorrentino@pasubiotecnologia.it
2024-09-10T21:04:49.648Z [INFO]: Email aggiunta alla coda: davide.sorrentino@gmail.com
2024-09-10T21:04:49.654Z [INFO]: Email aggiunta alla coda: davide.sorrentino@pasubiotecnologia.it
2024-09-10T21:04:49.660Z [INFO]: Email aggiunta alla coda: davide.sorrentino@gmail.com
2024-09-10T21:04:49.666Z [INFO]: Email aggiunta alla coda: davide.sorrentino@pasubiotecnologia.it
2024-09-10T21:04:49.672Z [INFO]: Email aggiunta alla coda: davide.sorrentino@gmail.com
2024-09-10T21:04:49.678Z [INFO]: Email aggiunta alla coda: davide.sorrentino@pasubiotecnologia.it
2024-09-10T21:04:49.683Z [INFO]: Email aggiunta alla coda: davide.sorrentino@gmail.com
2024-09-10T21:04:49.689Z [INFO]: Email aggiunta alla coda: davide.sorrentino@pasubiotecnologia.it
2024-09-10T21:04:49.695Z [INFO]: Email aggiunta alla coda: davide.sorrentino@gmail.com
2024-09-10T21:04:49.701Z [INFO]: Email aggiunta alla coda: davide.sorrentino@pasubiotecnologia.it
2024-09-10T21:04:49.707Z [INFO]: Email aggiunta alla coda: undefined
2024-09-10T21:04:49.712Z [INFO]: Inizio a processare la coda email.
2024-09-10T21:04:49.714Z [INFO]: Processo email a davide.sorrentino@pasubiotecnologia.it. Batch size: 2
2024-09-10T21:04:49.716Z [INFO]: Processo email a davide.sorrentino@gmail.com. Batch size: 2
2024-09-10T21:04:49.717Z [INFO]: Processo email a davide.sorrentino@pasubiotecnologia.it. Batch size: 2
2024-09-10T21:04:49.717Z [INFO]: Processo email a davide.sorrentino@gmail.com. Batch size: 2
2024-09-10T21:04:49.718Z [INFO]: Processo email a davide.sorrentino@pasubiotecnologia.it. Batch size: 2
2024-09-10T21:04:49.718Z [INFO]: Processo email a davide.sorrentino@gmail.com. Batch size: 2
2024-09-10T21:04:49.719Z [INFO]: Processo email a davide.sorrentino@pasubiotecnologia.it. Batch size: 2
2024-09-10T21:04:49.719Z [INFO]: Processo email a davide.sorrentino@gmail.com. Batch size: 2
2024-09-10T21:04:49.719Z [INFO]: Processo email a davide.sorrentino@pasubiotecnologia.it. Batch size: 2
2024-09-10T21:04:49.719Z [INFO]: Processo email a davide.sorrentino@gmail.com. Batch size: 2
2024-09-10T21:04:49.720Z [INFO]: Processo email a davide.sorrentino@pasubiotecnologia.it. Batch size: 2
2024-09-10T21:04:49.720Z [INFO]: Processo email a davide.sorrentino@gmail.com. Batch size: 2
2024-09-10T21:04:49.720Z [INFO]: Processo email a davide.sorrentino@pasubiotecnologia.it. Batch size: 2
2024-09-10T21:04:49.720Z [INFO]: Processo email a davide.sorrentino@gmail.com. Batch size: 2
2024-09-10T21:04:49.720Z [INFO]: Processo email a davide.sorrentino@pasubiotecnologia.it. Batch size: 2
2024-09-10T21:04:49.720Z [INFO]: Processo email a davide.sorrentino@gmail.com. Batch size: 2
2024-09-10T21:04:49.720Z [INFO]: Processo email a davide.sorrentino@pasubiotecnologia.it. Batch size: 2
2024-09-10T21:04:49.720Z [INFO]: Processo email a davide.sorrentino@gmail.com. Batch size: 2
2024-09-10T21:04:49.720Z [INFO]: Processo email a davide.sorrentino@pasubiotecnologia.it. Batch size: 2
2024-09-10T21:04:49.720Z [INFO]: Processo email a undefined. Batch size: 2
2024-09-10T21:04:49.721Z [ERROR]: Errore durante l'invio dell'email a undefined: No recipient defined. Ritentando in 5 secondi...
2024-09-10T21:04:50.124Z [INFO]: Email inviata a davide.sorrentino@gmail.com
2024-09-10T21:04:50.130Z [INFO]: Email inviata a davide.sorrentino@pasubiotecnologia.it
2024-09-10T21:04:50.245Z [INFO]: Email inviata a davide.sorrentino@pasubiotecnologia.it
2024-09-10T21:04:50.276Z [INFO]: Email inviata a davide.sorrentino@gmail.com
2024-09-10T21:04:50.367Z [INFO]: Email inviata a davide.sorrentino@pasubiotecnologia.it
2024-09-10T21:04:50.415Z [INFO]: Email inviata a davide.sorrentino@gmail.com
2024-09-10T21:04:50.495Z [INFO]: Email inviata a davide.sorrentino@pasubiotecnologia.it
2024-09-10T21:04:50.545Z [INFO]: Email inviata a davide.sorrentino@gmail.com
2024-09-10T21:04:50.618Z [INFO]: Email inviata a davide.sorrentino@pasubiotecnologia.it
2024-09-10T21:04:50.699Z [INFO]: Email inviata a davide.sorrentino@gmail.com
2024-09-10T21:04:50.742Z [INFO]: Email inviata a davide.sorrentino@pasubiotecnologia.it
2024-09-10T21:04:50.852Z [INFO]: Email inviata a davide.sorrentino@gmail.com
2024-09-10T21:04:50.872Z [INFO]: Email inviata a davide.sorrentino@pasubiotecnologia.it
2024-09-10T21:04:51.060Z [INFO]: Email inviata a davide.sorrentino@gmail.com
2024-09-10T21:04:51.062Z [INFO]: Email inviata a davide.sorrentino@pasubiotecnologia.it
2024-09-10T21:04:51.187Z [INFO]: Email inviata a davide.sorrentino@pasubiotecnologia.it
2024-09-10T21:04:51.210Z [INFO]: Email inviata a davide.sorrentino@gmail.com
2024-09-10T21:04:51.334Z [INFO]: Email inviata a davide.sorrentino@gmail.com
2024-09-10T21:04:51.348Z [INFO]: Email inviata a davide.sorrentino@pasubiotecnologia.it
2024-09-10T21:04:54.723Z [ERROR]: Errore durante l'invio dell'email a undefined: No recipient defined. Ritentando in 5 secondi...
2024-09-10T21:04:59.725Z [ERROR]: Errore durante l'invio dell'email a undefined: No recipient defined. Ritentando in 5 secondi...
2024-09-10T21:05:00.131Z [INFO]: Batch completo. Attendo il delay del batch...
2024-09-10T21:05:04.728Z [ERROR]: Errore persistente durante l'invio dell'email a undefined: No recipient defined.
2024-09-10T21:09:20.028Z [INFO]: Email aggiunta alla coda: davide.sorrentino@gmail.com
2024-09-10T21:09:20.035Z [INFO]: Email aggiunta alla coda: davide.sorrentino@pasubiotecnologia.it
2024-09-10T21:09:20.042Z [INFO]: Email aggiunta alla coda: davide.sorrentino@gmail.com
2024-09-10T21:09:20.048Z [INFO]: Inizio a processare la coda email.
2024-09-10T21:09:20.049Z [INFO]: Processo email a davide.sorrentino@gmail.com. Batch size: 2
2024-09-10T21:09:20.050Z [INFO]: Processo email a davide.sorrentino@pasubiotecnologia.it. Batch size: 2
2024-09-10T21:09:20.051Z [INFO]: Processo email a davide.sorrentino@gmail.com. Batch size: 2
2024-09-10T21:09:20.375Z [INFO]: Email inviata a davide.sorrentino@gmail.com
2024-09-10T21:09:20.521Z [INFO]: Email inviata a davide.sorrentino@pasubiotecnologia.it
2024-09-10T21:09:20.661Z [INFO]: Email inviata a davide.sorrentino@gmail.com
2024-09-10T21:09:30.378Z [INFO]: Batch size dopo l'invio: 1
2024-09-10T21:09:30.523Z [INFO]: Batch size dopo l'invio: 0
2024-09-10T21:09:30.523Z [INFO]: Batch completo. Attendo il delay del batch...
2024-09-10T21:09:30.663Z [INFO]: Batch size dopo l'invio: -1
2024-09-10T21:11:09.297Z [INFO]: Email aggiunta alla coda: davide.sorrentino@gmail.com
2024-09-10T21:11:09.304Z [INFO]: Email aggiunta alla coda: davide.sorrentino@pasubiotecnologia.it
2024-09-10T21:11:09.311Z [INFO]: Email aggiunta alla coda: davide.sorrentino@gmail.com
2024-09-10T21:11:09.316Z [INFO]: Inizio a processare la coda email.
2024-09-10T21:11:09.317Z [INFO]: Processo email a davide.sorrentino@gmail.com. Batch size corrente: 0
2024-09-10T21:11:09.319Z [INFO]: Processo email a davide.sorrentino@pasubiotecnologia.it. Batch size corrente: 0
2024-09-10T21:11:09.319Z [INFO]: Processo email a davide.sorrentino@gmail.com. Batch size corrente: 0
2024-09-10T21:11:09.619Z [INFO]: Email inviata a davide.sorrentino@gmail.com
2024-09-10T21:11:09.732Z [INFO]: Email inviata a davide.sorrentino@pasubiotecnologia.it
2024-09-10T21:11:09.848Z [INFO]: Email inviata a davide.sorrentino@gmail.com
2024-09-10T21:11:19.736Z [INFO]: Batch completo. Attendo il delay del batch...
2024-09-10T21:11:19.850Z [INFO]: Batch completo. Attendo il delay del batch...
2024-09-10T21:12:54.834Z [INFO]: Email aggiunta alla coda: davide.sorrentino@gmail.com
2024-09-10T21:12:54.840Z [INFO]: Email aggiunta alla coda: davide.sorrentino@gmail.com
2024-09-10T21:12:54.844Z [INFO]: Email aggiunta alla coda: davide.sorrentino@gmail.com
2024-09-10T21:12:54.848Z [INFO]: Inizio a processare la coda email.
2024-09-10T21:12:54.849Z [INFO]: Processo email a davide.sorrentino@gmail.com. Batch size corrente: 0
2024-09-10T21:12:54.851Z [INFO]: Processo email a davide.sorrentino@gmail.com. Batch size corrente: 0
2024-09-10T21:12:54.851Z [INFO]: Processo email a davide.sorrentino@gmail.com. Batch size corrente: 0
2024-09-10T21:12:55.158Z [INFO]: Email inviata a davide.sorrentino@gmail.com
2024-09-10T21:12:55.288Z [INFO]: Email inviata a davide.sorrentino@gmail.com
2024-09-10T21:12:55.431Z [INFO]: Email inviata a davide.sorrentino@gmail.com
2024-09-10T21:13:05.291Z [INFO]: Batch completo. Attendo il delay del batch...
2024-09-10T21:15:29.704Z [INFO]: Email aggiunta alla coda: davide.sorrentino@gmail.com
2024-09-10T21:15:29.711Z [INFO]: Email aggiunta alla coda: davide.sorrentino@gmail.com
2024-09-10T21:15:29.718Z [INFO]: Email aggiunta alla coda: davide.sorrentino@gmail.com
2024-09-10T21:15:29.723Z [INFO]: Inizio a processare la coda email.
2024-09-10T21:15:29.724Z [INFO]: Processo email a davide.sorrentino@gmail.com. Batch size corrente: 0
2024-09-10T21:15:29.724Z [INFO]: Processo email a davide.sorrentino@gmail.com. Batch size corrente: 0
2024-09-10T21:15:29.724Z [INFO]: Processo email a davide.sorrentino@gmail.com. Batch size corrente: 0
2024-09-10T21:15:40.081Z [INFO]: Email inviata a davide.sorrentino@gmail.com
2024-09-10T21:15:40.219Z [INFO]: Email inviata a davide.sorrentino@gmail.com
2024-09-10T21:15:40.220Z [INFO]: Batch completo. Attendo il delay del batch...
2024-09-10T21:15:40.348Z [INFO]: Email inviata a davide.sorrentino@gmail.com
2024-09-10T21:18:12.212Z [INFO]: Email aggiunta alla coda: davide.sorrentino@gmail.com
2024-09-10T21:18:12.220Z [INFO]: Email aggiunta alla coda: davide.sorrentino@gmail.com
2024-09-10T21:18:12.226Z [INFO]: Email aggiunta alla coda: davide.sorrentino@gmail.com
2024-09-10T21:18:12.232Z [INFO]: Inizio a processare la coda email.
2024-09-10T21:18:12.234Z [INFO]: Questo email data: [object Object]
2024-09-10T21:18:12.234Z [INFO]: Processo email a davide.sorrentino@gmail.com. Batch size corrente: 0
2024-09-10T21:18:12.234Z [INFO]: Questo email data: [object Object]
2024-09-10T21:18:12.234Z [INFO]: Processo email a davide.sorrentino@gmail.com. Batch size corrente: 0
2024-09-10T21:18:12.234Z [INFO]: Questo email data: [object Object]
2024-09-10T21:18:12.234Z [INFO]: Processo email a davide.sorrentino@gmail.com. Batch size corrente: 0
2024-09-10T21:18:22.615Z [INFO]: Email inviata a davide.sorrentino@gmail.com
2024-09-10T21:18:22.775Z [INFO]: Email inviata a davide.sorrentino@gmail.com
2024-09-10T21:18:22.776Z [INFO]: Batch completo. Attendo il delay del batch...
2024-09-10T21:18:22.916Z [INFO]: Email inviata a davide.sorrentino@gmail.com
2024-09-10T21:22:31.081Z [INFO]: Email aggiunta alla coda: davide.sorrentino@gmail.com
2024-09-10T21:22:31.089Z [INFO]: Email aggiunta alla coda: davide.sorrentino@gmail.com
2024-09-10T21:22:31.096Z [INFO]: Email aggiunta alla coda: davide.sorrentino@gmail.com
2024-09-10T21:22:31.101Z [INFO]: Inizio a processare la coda email.
2024-09-10T21:22:31.102Z [INFO]: Email aggiunta al batch: davide.sorrentino@gmail.com
2024-09-10T21:22:31.103Z [INFO]: Email aggiunta al batch: davide.sorrentino@gmail.com
2024-09-10T21:22:31.103Z [INFO]: Processo email a davide.sorrentino@gmail.com
2024-09-10T21:22:31.104Z [INFO]: Email aggiunta al batch: davide.sorrentino@gmail.com
2024-09-10T21:22:31.104Z [INFO]: Processo email a davide.sorrentino@gmail.com
2024-09-10T21:22:31.412Z [INFO]: Email inviata a davide.sorrentino@gmail.com
2024-09-10T21:22:31.630Z [INFO]: Email inviata a davide.sorrentino@gmail.com
2024-09-10T21:22:41.415Z [INFO]: Processo email a davide.sorrentino@gmail.com
2024-09-10T21:22:41.545Z [INFO]: Email inviata a davide.sorrentino@gmail.com
2024-09-10T21:22:41.632Z [INFO]: Processo email a davide.sorrentino@gmail.com
2024-09-10T21:23:15.596Z [INFO]: Email aggiunta alla coda: davide.sorrentino@gmail.com
2024-09-10T21:23:15.603Z [INFO]: Email aggiunta alla coda: davide.sorrentino@gmail.com
2024-09-10T21:23:15.609Z [INFO]: Email aggiunta alla coda: davide.sorrentino@gmail.com
2024-09-10T21:23:15.615Z [INFO]: Inizio a processare la coda email.
2024-09-10T21:23:15.618Z [INFO]: Email aggiunta al batch: davide.sorrentino@gmail.com
2024-09-10T21:23:15.618Z [INFO]: Email aggiunta al batch: davide.sorrentino@gmail.com
2024-09-10T21:23:15.618Z [INFO]: Processo email a davide.sorrentino@gmail.com
2024-09-10T21:23:15.619Z [INFO]: Email aggiunta al batch: davide.sorrentino@gmail.com
2024-09-10T21:23:15.619Z [INFO]: Processo email a davide.sorrentino@gmail.com
2024-09-10T21:23:15.620Z [INFO]: Email aggiunta al batch: davide.sorrentino@gmail.com
2024-09-10T21:23:15.620Z [INFO]: Processo email a davide.sorrentino@gmail.com
2024-09-10T21:23:15.620Z [INFO]: Email aggiunta al batch: davide.sorrentino@gmail.com
2024-09-10T21:23:15.620Z [INFO]: Processo email a davide.sorrentino@gmail.com
2024-09-10T21:23:15.953Z [INFO]: Email inviata a davide.sorrentino@gmail.com
2024-09-10T21:23:16.095Z [INFO]: Email inviata a davide.sorrentino@gmail.com
2024-09-10T21:23:16.236Z [INFO]: Email inviata a davide.sorrentino@gmail.com
2024-09-10T21:23:16.378Z [INFO]: Email inviata a davide.sorrentino@gmail.com
2024-09-10T21:23:25.956Z [INFO]: Processo email a davide.sorrentino@gmail.com
2024-09-10T21:23:26.097Z [INFO]: Processo email a davide.sorrentino@gmail.com
2024-09-10T21:24:33.835Z [INFO]: Email aggiunta alla coda: davide.sorrentino@gmail.com
2024-09-10T21:24:33.842Z [INFO]: Email aggiunta alla coda: davide.sorrentino@gmail.com
2024-09-10T21:24:33.848Z [INFO]: Email aggiunta alla coda: davide.sorrentino@gmail.com
2024-09-10T21:24:33.854Z [INFO]: Inizio a processare la coda email.
2024-09-10T21:24:33.856Z [INFO]: Email aggiunta al batch: davide.sorrentino@gmail.com
2024-09-10T21:24:33.856Z [INFO]: Email aggiunta al batch: davide.sorrentino@gmail.com
2024-09-10T21:24:33.856Z [INFO]: Processo email a davide.sorrentino@gmail.com
2024-09-10T21:24:33.858Z [INFO]: Email aggiunta al batch: davide.sorrentino@gmail.com
2024-09-10T21:24:33.858Z [INFO]: Processo email a davide.sorrentino@gmail.com
2024-09-10T21:24:33.858Z [INFO]: Email aggiunta al batch: davide.sorrentino@gmail.com
2024-09-10T21:24:33.858Z [INFO]: Processo email a davide.sorrentino@gmail.com
2024-09-10T21:24:33.859Z [INFO]: Email aggiunta al batch: davide.sorrentino@gmail.com
2024-09-10T21:24:33.859Z [INFO]: Processo email a davide.sorrentino@gmail.com
2024-09-10T21:24:33.859Z [INFO]: Email aggiunta al batch: davide.sorrentino@gmail.com
2024-09-10T21:24:33.859Z [INFO]: Processo email a davide.sorrentino@gmail.com
2024-09-10T21:24:33.859Z [INFO]: Email aggiunta al batch: davide.sorrentino@gmail.com
2024-09-10T21:24:33.859Z [INFO]: Processo email a davide.sorrentino@gmail.com
2024-09-10T21:24:34.161Z [INFO]: Email inviata a davide.sorrentino@gmail.com
2024-09-10T21:24:34.281Z [INFO]: Email inviata a davide.sorrentino@gmail.com
2024-09-10T21:24:34.395Z [INFO]: Email inviata a davide.sorrentino@gmail.com
2024-09-10T21:24:34.514Z [INFO]: Email inviata a davide.sorrentino@gmail.com
2024-09-10T21:24:34.634Z [INFO]: Email inviata a davide.sorrentino@gmail.com
2024-09-10T21:24:34.752Z [INFO]: Email inviata a davide.sorrentino@gmail.com
2024-09-10T21:24:44.164Z [INFO]: Processo email a davide.sorrentino@gmail.com
2024-09-10T21:24:44.282Z [INFO]: Processo email a davide.sorrentino@gmail.com
